2025-03-05 21:25:15,646 - INFO -                             full_name  team  form  total_points  now_cost  fixture_difficulty
289                    Oliver Glasner     7  13.7            52       0.8                  15
204                   Fabian Hürzeler     5  13.7            41       1.1                  15
449                     Mohamed Salah    12  10.6           291      13.8                  11
738                     Graham Potter    19   9.7            39       0.5                  16
355  Marco Alexandre Saraiva da Silva     9   8.7            44       1.1                  18
154                      Thomas Frank     4   8.3            33       0.8                  18
177                    Yankuba Minteh     5   7.7            72       5.0                  15
474         Ederson Santana de Moraes    13   7.7            72       5.3                  15
466                         Arne Slot    12   7.6            58       1.5                  11
132                      Bryan Mbeumo     4   7.3           171       8.0                  18
2025-03-05 21:25:15,663 - INFO -              full_name  form status  total_points  fixture_difficulty
6         Bryan Mbeumo   7.3      a           171                  18
9         Raúl Jiménez   2.7      a           108                  18
11  Hákon Valdimarsson   0.0      a             2                  18
12         Jamie Vardy   2.0      a            96                  17
14        Dean Huijsen   1.7      a            70                  12
2025-03-05 21:25:15,670 - INFO - Captain:        full_name  form  total_points  fixture_difficulty  captain_score
7  Mohamed Salah  10.6           291                  11          90.04
2025-03-05 21:25:15,674 - INFO - Vice-Captain:      full_name  form  total_points  fixture_difficulty  captain_score
4  Cole Palmer   2.3           180                  14          52.52
